0 info it worked if it ends with ok
1 verbose cli [ '/usr/local/bin/node', '/usr/local/bin/npm', 'run', 'deploy' ]
2 info using npm@3.3.12
3 info using node@v5.4.1
4 verbose run-script [ 'predeploy', 'deploy', 'postdeploy' ]
5 info lifecycle nolwenn@1.0.0~predeploy: nolwenn@1.0.0
6 silly lifecycle nolwenn@1.0.0~predeploy: no script for predeploy, continuing
7 info lifecycle nolwenn@1.0.0~deploy: nolwenn@1.0.0
8 verbose lifecycle nolwenn@1.0.0~deploy: unsafe-perm in lifecycle true
9 verbose lifecycle nolwenn@1.0.0~deploy: PATH: /usr/local/lib/node_modules/npm/bin/node-gyp-bin:/Users/loicleguen/Documents/Ensci/Bibi/Website/nolwenn/node_modules/.bin:/usr/bin:/bin:/usr/sbin:/sbin:/usr/local/bin
10 verbose lifecycle nolwenn@1.0.0~deploy: CWD: /Users/loicleguen/Documents/Ensci/Bibi/Website/nolwenn
11 silly lifecycle nolwenn@1.0.0~deploy: Args: [ '-c',
11 silly lifecycle   'git checkout gh-pages && git checkout master -- public/ && cp -r public/* . && rm -r public/ && git add . && git commit -m "release" && git checkout master' ]
12 silly lifecycle nolwenn@1.0.0~deploy: Returned: code: 1  signal: null
13 info lifecycle nolwenn@1.0.0~deploy: Failed to exec deploy script
14 verbose stack Error: nolwenn@1.0.0 deploy: `git checkout gh-pages && git checkout master -- public/ && cp -r public/* . && rm -r public/ && git add . && git commit -m "release" && git checkout master`
14 verbose stack Exit status 1
14 verbose stack     at EventEmitter.<anonymous> (/usr/local/lib/node_modules/npm/lib/utils/lifecycle.js:232:16)
14 verbose stack     at emitTwo (events.js:87:13)
14 verbose stack     at EventEmitter.emit (events.js:172:7)
14 verbose stack     at ChildProcess.<anonymous> (/usr/local/lib/node_modules/npm/lib/utils/spawn.js:24:14)
14 verbose stack     at emitTwo (events.js:87:13)
14 verbose stack     at ChildProcess.emit (events.js:172:7)
14 verbose stack     at maybeClose (internal/child_process.js:821:16)
14 verbose stack     at Process.ChildProcess._handle.onexit (internal/child_process.js:211:5)
15 verbose pkgid nolwenn@1.0.0
16 verbose cwd /Users/loicleguen/Documents/Ensci/Bibi/Website/nolwenn/public
17 error Darwin 15.6.0
18 error argv "/usr/local/bin/node" "/usr/local/bin/npm" "run" "deploy"
19 error node v5.4.1
20 error npm  v3.3.12
21 error code ELIFECYCLE
22 error nolwenn@1.0.0 deploy: `git checkout gh-pages && git checkout master -- public/ && cp -r public/* . && rm -r public/ && git add . && git commit -m "release" && git checkout master`
22 error Exit status 1
23 error Failed at the nolwenn@1.0.0 deploy script 'git checkout gh-pages && git checkout master -- public/ && cp -r public/* . && rm -r public/ && git add . && git commit -m "release" && git checkout master'.
23 error Make sure you have the latest version of node.js and npm installed.
23 error If you do, this is most likely a problem with the nolwenn package,
23 error not with npm itself.
23 error Tell the author that this fails on your system:
23 error     git checkout gh-pages && git checkout master -- public/ && cp -r public/* . && rm -r public/ && git add . && git commit -m "release" && git checkout master
23 error You can get their info via:
23 error     npm owner ls nolwenn
23 error There is likely additional logging output above.
24 verbose exit [ 1, true ]
